SF:lib/add_book_form.dart
DA:11,5
DA:13,2
DA:14,2
DA:22,0
DA:23,0
DA:24,0
DA:27,0
DA:29,0
DA:30,0
DA:31,0
DA:32,0
DA:33,0
DA:34,0
DA:36,0
DA:39,0
DA:40,0
DA:42,0
DA:46,0
DA:48,0
DA:49,0
DA:50,0
DA:53,0
DA:57,2
DA:59,2
DA:60,2
DA:61,2
DA:62,2
DA:66,0
DA:67,0
DA:70,2
DA:71,2
DA:72,2
DA:75,2
DA:77,2
DA:78,2
DA:79,4
DA:80,4
DA:88,2
DA:90,4
DA:92,0
DA:93,0
DA:94,0
DA:95,0
DA:96,0
DA:97,0
DA:98,0
DA:99,0
DA:102,0
DA:103,0
DA:104,0
LF:50
LH:18
end_of_record
SF:lib/add_book_info_form.dart
DA:14,2
DA:16,2
DA:17,2
DA:27,2
DA:29,2
DA:31,10
DA:32,10
DA:33,2
DA:34,2
DA:37,2
DA:38,6
DA:39,6
DA:40,4
DA:41,14
DA:43,0
DA:44,0
DA:47,0
DA:49,6
DA:50,4
DA:54,0
DA:55,0
DA:57,0
DA:58,0
DA:59,0
DA:60,0
DA:61,0
DA:62,0
DA:67,0
DA:68,0
DA:70,0
DA:71,0
DA:72,0
DA:73,0
DA:74,0
DA:75,0
DA:80,2
DA:82,2
DA:83,2
DA:84,2
DA:85,2
DA:86,4
DA:87,2
DA:88,2
DA:89,6
DA:93,2
DA:94,2
DA:95,2
DA:97,2
DA:98,6
DA:102,2
DA:104,0
DA:105,0
DA:107,0
DA:108,0
DA:115,2
DA:117,0
DA:118,0
DA:120,0
DA:121,0
DA:127,2
DA:132,2
DA:134,2
DA:139,2
DA:142,2
DA:143,2
DA:146,2
DA:148,2
DA:154,0
DA:155,0
DA:156,0
DA:163,2
DA:165,4
LF:72
LH:42
end_of_record
SF:lib/book.dart
DA:8,4
DA:10,0
DA:11,0
DA:12,0
DA:13,0
DA:14,0
DA:15,0
DA:16,0
DA:18,0
DA:22,0
DA:23,0
DA:24,0
DA:25,0
DA:26,0
DA:27,0
DA:28,0
DA:31,0
LF:17
LH:1
end_of_record
SF:lib/book_icon.dart
DA:8,2
DA:10,2
DA:12,2
DA:14,2
DA:15,1
DA:16,6
DA:18,2
DA:24,2
DA:25,4
LF:9
LH:9
end_of_record
SF:lib/book_info.dart
DA:11,2
DA:13,2
DA:14,2
DA:20,2
DA:22,4
DA:23,6
DA:25,2
DA:26,2
DA:27,2
DA:28,4
DA:29,2
DA:30,2
DA:31,6
DA:35,2
DA:36,2
DA:38,2
DA:39,1
DA:40,2
DA:41,4
DA:42,20
DA:44,2
DA:46,2
DA:47,0
DA:48,0
DA:50,0
DA:53,4
DA:54,20
DA:56,2
DA:58,1
DA:59,0
DA:61,1
DA:62,14
DA:65,14
DA:67,2
DA:68,1
DA:71,2
DA:73,6
DA:76,2
DA:93,2
DA:94,2
DA:95,2
DA:97,2
DA:98,2
DA:99,2
DA:101,2
DA:104,2
DA:105,6
DA:111,2
DA:112,6
DA:115,2
DA:116,6
DA:120,2
DA:121,8
DA:124,2
DA:126,2
DA:127,2
DA:128,0
DA:129,0
DA:130,0
DA:131,0
DA:132,0
DA:134,0
DA:135,0
DA:136,0
DA:137,0
DA:140,0
DA:141,0
DA:142,0
DA:144,0
DA:145,0
DA:146,0
DA:148,0
DA:149,0
DA:150,0
DA:155,2
DA:157,0
DA:158,0
DA:159,0
DA:160,0
DA:164,2
DA:166,0
DA:168,0
DA:169,0
DA:171,0
DA:172,0
DA:175,0
DA:177,0
LF:87
LH:54
end_of_record
SF:lib/book_lists.dart
DA:7,3
DA:9,1
DA:10,3
DA:14,2
DA:16,3
DA:17,3
DA:18,6
DA:19,3
DA:22,2
DA:23,6
DA:24,4
DA:25,2
DA:28,1
DA:29,2
DA:30,2
DA:31,1
DA:34,1
DA:36,1
DA:37,0
DA:45,3
DA:47,1
DA:48,3
DA:52,2
DA:54,3
DA:55,3
DA:56,6
DA:57,3
DA:60,1
DA:61,3
DA:62,2
DA:63,1
DA:66,0
DA:67,0
DA:68,0
DA:69,0
DA:72,1
DA:74,1
DA:75,0
DA:83,3
DA:85,1
DA:86,3
DA:90,2
DA:92,3
DA:93,3
DA:94,6
DA:95,3
DA:98,1
DA:99,3
DA:100,2
DA:101,1
DA:104,1
DA:105,2
DA:106,2
DA:107,1
DA:110,1
DA:112,1
DA:113,0
LF:57
LH:50
end_of_record
SF:lib/book_manager.dart
DA:11,18
DA:13,3
DA:14,3
DA:20,3
DA:22,3
DA:23,6
DA:26,3
DA:27,3
DA:28,3
DA:29,3
DA:32,3
DA:33,3
DA:34,3
DA:35,6
DA:37,3
DA:38,6
DA:41,6
DA:45,3
DA:47,3
DA:53,3
DA:54,3
DA:55,1
DA:56,2
DA:57,1
DA:60,3
DA:82,6
DA:84,3
DA:86,3
DA:87,3
DA:90,1
DA:91,1
DA:92,2
DA:104,3
DA:107,2
DA:108,2
DA:109,4
LF:36
LH:36
end_of_record
SF:lib/book_page.dart
DA:9,5
DA:11,3
DA:12,3
DA:18,3
DA:20,9
DA:21,9
DA:23,3
DA:24,3
DA:27,3
DA:29,3
DA:30,3
DA:31,6
DA:32,3
DA:33,9
DA:34,3
DA:35,9
DA:40,3
DA:41,3
DA:46,6
DA:47,2
DA:48,10
LF:21
LH:21
end_of_record
SF:lib/firebase_functions.dart
DA:6,9
DA:7,0
DA:9,3
DA:10,6
DA:12,0
DA:14,0
DA:15,0
DA:16,0
DA:17,0
DA:19,0
DA:21,0
DA:23,0
DA:24,0
DA:25,0
DA:26,0
DA:27,0
DA:28,0
DA:29,0
DA:30,0
DA:31,0
DA:36,0
DA:37,0
DA:39,0
DA:40,0
DA:41,0
DA:42,0
DA:43,0
DA:44,0
DA:45,0
DA:46,0
DA:47,0
DA:58,3
DA:61,3
DA:62,6
DA:64,0
DA:66,0
DA:67,0
DA:68,0
DA:69,0
DA:70,0
DA:71,0
DA:72,0
DA:76,1
DA:77,1
DA:78,1
LF:45
LH:9
end_of_record
SF:lib/firebase_initializer.dart
DA:7,5
DA:9,0
DA:11,0
DA:12,0
DA:13,0
DA:15,0
DA:16,0
DA:19,0
LF:8
LH:1
end_of_record
SF:lib/firebase_options.dart
DA:18,5
DA:22,5
DA:23,5
DA:25,0
DA:27,0
DA:29,0
DA:30,0
DA:34,0
DA:35,0
DA:40,0
LF:10
LH:3
end_of_record
SF:lib/logged_in_detector.dart
DA:7,5
DA:9,0
DA:11,0
DA:12,0
DA:13,0
DA:14,0
DA:17,0
LF:7
LH:1
end_of_record
SF:lib/login_form.dart
DA:7,7
DA:9,1
DA:10,1
DA:19,1
DA:21,2
DA:22,2
DA:23,2
DA:25,0
DA:26,0
DA:27,0
DA:28,0
DA:29,0
DA:30,0
DA:32,0
DA:33,0
DA:35,0
DA:36,0
DA:37,0
DA:40,0
DA:45,0
DA:47,0
DA:48,0
DA:49,0
DA:51,0
DA:53,0
DA:54,0
DA:55,0
DA:57,0
DA:58,0
DA:61,0
DA:66,1
DA:68,1
DA:69,1
DA:71,1
DA:72,1
DA:73,1
DA:81,1
DA:83,1
DA:87,1
DA:89,1
DA:93,1
DA:95,1
DA:106,1
DA:108,1
DA:112,1
DA:114,1
DA:118,1
DA:120,1
LF:48
LH:25
end_of_record
SF:lib/main.dart
DA:7,0
DA:8,0
DA:12,5
DA:13,0
DA:15,0
DA:16,0
DA:17,0
DA:18,0
DA:19,0
DA:20,0
DA:22,0
DA:24,0
DA:25,0
LF:13
LH:1
end_of_record
SF:lib/statistics_page.dart
DA:8,7
DA:10,1
DA:11,1
DA:15,1
DA:17,4
DA:18,4
DA:19,3
DA:20,3
DA:21,3
DA:22,2
DA:23,3
DA:24,3
DA:25,2
DA:26,5
DA:28,3
DA:31,2
DA:32,2
DA:35,1
DA:36,1
DA:39,1
DA:40,1
DA:41,4
DA:42,1
DA:44,1
DA:45,1
DA:46,1
DA:47,1
DA:48,1
DA:51,1
DA:52,2
DA:53,2
DA:55,1
DA:56,1
DA:57,1
DA:59,1
DA:61,3
DA:69,1
DA:71,1
DA:73,1
DA:74,1
DA:79,1
DA:80,1
DA:83,1
DA:84,2
DA:88,1
DA:91,1
DA:92,2
DA:96,1
DA:99,1
DA:100,2
DA:106,1
DA:107,1
DA:108,1
DA:109,1
DA:111,1
DA:112,2
DA:113,2
DA:115,1
DA:116,1
DA:117,2
DA:119,1
DA:121,3
DA:131,1
DA:133,1
DA:147,2
DA:151,1
DA:153,1
DA:154,1
DA:155,1
DA:160,1
DA:161,2
DA:162,2
DA:164,1
DA:166,1
DA:170,1
DA:172,1
DA:174,1
DA:175,2
DA:176,2
DA:178,2
DA:191,1
DA:193,1
DA:195,1
DA:197,1
DA:198,1
DA:199,1
DA:200,1
DA:202,2
DA:203,5
DA:208,1
DA:210,2
DA:211,5
DA:216,1
DA:218,2
DA:219,5
DA:225,1
DA:226,3
DA:227,2
DA:228,2
DA:230,1
DA:231,1
DA:238,1
DA:239,1
DA:241,1
DA:243,1
DA:244,1
DA:245,2
DA:247,1
DA:248,2
DA:250,1
DA:251,2
DA:254,1
DA:256,1
LF:113
LH:113
end_of_record
SF:lib/timer_provider.dart
DA:10,0
DA:11,0
DA:12,0
DA:13,0
DA:14,0
DA:15,0
DA:16,0
DA:20,0
DA:21,0
DA:22,0
DA:25,0
DA:26,0
DA:27,0
DA:28,0
DA:29,0
DA:32,0
DA:33,0
DA:36,0
DA:37,0
DA:38,0
DA:39,0
DA:40,0
DA:42,0
DA:43,0
DA:45,0
DA:46,0
DA:47,0
DA:50,0
DA:51,0
LF:29
LH:0
end_of_record
